2025-03-04T13:42:24.772+01:00  INFO 1503 --- [it_projekt_tablohm] [main] m.i.ItProjektTablohmApplication          : Starting ItProjektTablohmApplication using Java 23.0.1 with PID 1503 (/Users/markus/Documents/TH/Master_Informatik/1_Semester/IT_Projekt/webservice/target/classes started by markus in /Users/markus/Documents/TH/Master_Informatik/1_Semester/IT_Projekt/webservice)
2025-03-04T13:42:24.773+01:00 DEBUG 1503 --- [it_projekt_tablohm] [main] m.i.ItProjektTablohmApplication          : Running with Spring Boot v3.3.5, Spring v6.1.14
2025-03-04T13:42:24.774+01:00  INFO 1503 --- [it_projekt_tablohm] [main] m.i.ItProjektTablohmApplication          : No active profile set, falling back to 1 default profile: "default"
2025-03-04T13:42:24.829+01:00  INFO 1503 --- [it_projekt_tablohm] [main] .s.b.d.c.l.DockerComposeLifecycleManager : Using Docker Compose file '/Users/markus/Documents/TH/Master_Informatik/1_Semester/IT_Projekt/webservice/docker-compose.yml'
2025-03-04T13:42:25.801+01:00  INFO 1503 --- [it_projekt_tablohm] [OutputReader-stderr] o.s.boot.docker.compose.core.DockerCli   :  Container guide-mysql  Created
2025-03-04T13:42:25.817+01:00  INFO 1503 --- [it_projekt_tablohm] [OutputReader-stderr] o.s.boot.docker.compose.core.DockerCli   :  Container guide-mysql  Starting
2025-03-04T13:42:26.116+01:00  INFO 1503 --- [it_projekt_tablohm] [OutputReader-stderr] o.s.boot.docker.compose.core.DockerCli   :  Container guide-mysql  Started
2025-03-04T13:42:26.116+01:00  INFO 1503 --- [it_projekt_tablohm] [OutputReader-stderr] o.s.boot.docker.compose.core.DockerCli   :  Container guide-mysql  Waiting
2025-03-04T13:42:26.620+01:00  INFO 1503 --- [it_projekt_tablohm] [OutputReader-stderr] o.s.boot.docker.compose.core.DockerCli   :  Container guide-mysql  Healthy
2025-03-04T13:42:29.293+01:00  INFO 1503 --- [it_projekt_tablohm] [main] .s.d.r.c.RepositoryConfigurationDelegate : Bootstrapping Spring Data JPA repositories in DEFAULT mode.
2025-03-04T13:42:29.340+01:00  INFO 1503 --- [it_projekt_tablohm] [main] .s.d.r.c.RepositoryConfigurationDelegate : Finished Spring Data repository scanning in 41 ms. Found 5 JPA repository interfaces.
2025-03-04T13:42:29.707+01:00  INFO 1503 --- [it_projekt_tablohm] [main] o.s.b.w.embedded.tomcat.TomcatWebServer  : Tomcat initialized with port 8080 (http)
2025-03-04T13:42:29.719+01:00  INFO 1503 --- [it_projekt_tablohm] [main] o.apache.catalina.core.StandardService   : Starting service [Tomcat]
2025-03-04T13:42:29.720+01:00  INFO 1503 --- [it_projekt_tablohm] [main] o.apache.catalina.core.StandardEngine    : Starting Servlet engine: [Apache Tomcat/10.1.31]
2025-03-04T13:42:29.753+01:00  INFO 1503 --- [it_projekt_tablohm] [main] o.a.c.c.C.[Tomcat].[localhost].[/]       : Initializing Spring embedded WebApplicationContext
2025-03-04T13:42:29.754+01:00  INFO 1503 --- [it_projekt_tablohm] [main] w.s.c.ServletWebServerApplicationContext : Root WebApplicationContext: initialization completed in 916 ms
2025-03-04T13:42:29.877+01:00  INFO 1503 --- [it_projekt_tablohm] [main] o.hibernate.jpa.internal.util.LogHelper  : HHH000204: Processing PersistenceUnitInfo [name: default]
2025-03-04T13:42:29.923+01:00  INFO 1503 --- [it_projekt_tablohm] [main] org.hibernate.Version                    : HHH000412: Hibernate ORM core version 6.5.3.Final
2025-03-04T13:42:29.948+01:00  INFO 1503 --- [it_projekt_tablohm] [main] o.h.c.internal.RegionFactoryInitiator    : HHH000026: Second-level cache disabled
2025-03-04T13:42:30.185+01:00  INFO 1503 --- [it_projekt_tablohm] [main] o.s.o.j.p.SpringPersistenceUnitInfo      : No LoadTimeWeaver setup: ignoring JPA class transformer
2025-03-04T13:42:30.208+01:00  INFO 1503 --- [it_projekt_tablohm] [main] com.zaxxer.hikari.HikariDataSource       : HikariPool-1 - Starting...
2025-03-04T13:42:30.580+01:00  INFO 1503 --- [it_projekt_tablohm] [main] com.zaxxer.hikari.pool.HikariPool        : HikariPool-1 - Added connection com.mysql.cj.jdbc.ConnectionImpl@1255de25
2025-03-04T13:42:30.582+01:00  INFO 1503 --- [it_projekt_tablohm] [main] com.zaxxer.hikari.HikariDataSource       : HikariPool-1 - Start completed.
2025-03-04T13:42:31.459+01:00  INFO 1503 --- [it_projekt_tablohm] [main] o.h.e.t.j.p.i.JtaPlatformInitiator       : HHH000489: No JTA platform available (set 'hibernate.transaction.jta.platform' to enable JTA platform integration)
2025-03-04T13:42:31.578+01:00  INFO 1503 --- [it_projekt_tablohm] [main] j.LocalContainerEntityManagerFactoryBean : Initialized JPA EntityManagerFactory for persistence unit 'default'
2025-03-04T13:42:31.831+01:00  INFO 1503 --- [it_projekt_tablohm] [main] o.s.d.j.r.query.QueryEnhancerFactory     : Hibernate is in classpath; If applicable, HQL parser will be used.
2025-03-04T13:42:32.390+01:00  WARN 1503 --- [it_projekt_tablohm] [main] JpaBaseConfiguration$JpaWebConfiguration : spring.jpa.open-in-view is enabled by default. Therefore, database queries may be performed during view rendering. Explicitly configure spring.jpa.open-in-view to disable this warning
2025-03-04T13:42:32.702+01:00  INFO 1503 --- [it_projekt_tablohm] [main] o.s.b.w.embedded.tomcat.TomcatWebServer  : Tomcat started on port 8080 (http) with context path '/'
2025-03-04T13:42:32.711+01:00  INFO 1503 --- [it_projekt_tablohm] [main] m.i.ItProjektTablohmApplication          : Started ItProjektTablohmApplication in 8.267 seconds (process running for 8.829)
2025-03-04T13:42:32.921+01:00  INFO 1503 --- [it_projekt_tablohm] [scheduling-1] m.i.services.EventService                : Deleted old event Updated Meeting
2025-03-04T13:42:32.939+01:00  INFO 1503 --- [it_projekt_tablohm] [scheduling-1] m.i.services.EventService                : Deleted old event Testeintrag
2025-03-04T13:42:32.956+01:00  INFO 1503 --- [it_projekt_tablohm] [scheduling-1] m.i.services.EventService                : Deleted old event test1
2025-03-04T13:42:32.973+01:00  INFO 1503 --- [it_projekt_tablohm] [scheduling-1] m.i.services.EventService                : Deleted old event test
2025-03-04T13:42:32.991+01:00  INFO 1503 --- [it_projekt_tablohm] [scheduling-1] m.i.services.EventService                : Deleted old event test t채glich
2025-03-04T13:42:33.005+01:00  INFO 1503 --- [it_projekt_tablohm] [scheduling-1] m.i.services.EventService                : Deleted old event test Einzeleintrag
2025-03-04T13:42:33.021+01:00  INFO 1503 --- [it_projekt_tablohm] [scheduling-1] m.i.services.EventService                : Deleted old event test2
2025-03-04T13:42:33.035+01:00  INFO 1503 --- [it_projekt_tablohm] [scheduling-1] m.i.services.EventService                : Deleted old event test0
2025-03-04T13:42:33.060+01:00  INFO 1503 --- [it_projekt_tablohm] [scheduling-1] m.i.services.EventService                : Deleted old event test_t채glich
2025-03-04T13:42:33.101+01:00  INFO 1503 --- [it_projekt_tablohm] [scheduling-1] m.i.services.EventService                : Deleted old event test_t채glich
2025-03-04T13:42:33.136+01:00  INFO 1503 --- [it_projekt_tablohm] [scheduling-1] m.i.services.EventService                : Deleted old event test_t채glich
2025-03-04T13:42:39.751+01:00  INFO 1503 --- [it_projekt_tablohm] [http-nio-8080-exec-1] o.a.c.c.C.[Tomcat].[localhost].[/]       : Initializing Spring DispatcherServlet 'dispatcherServlet'
2025-03-04T13:42:39.751+01:00  INFO 1503 --- [it_projekt_tablohm] [http-nio-8080-exec-1] o.s.web.servlet.DispatcherServlet        : Initializing Servlet 'dispatcherServlet'
2025-03-04T13:42:39.752+01:00  INFO 1503 --- [it_projekt_tablohm] [http-nio-8080-exec-1] o.s.web.servlet.DispatcherServlet        : Completed initialization in 1 ms
2025-03-04T13:46:43.648+01:00  INFO 1503 --- [it_projekt_tablohm] [SpringApplicationShutdownHook] j.LocalContainerEntityManagerFactoryBean : Closing JPA EntityManagerFactory for persistence unit 'default'
2025-03-04T13:46:43.650+01:00  INFO 1503 --- [it_projekt_tablohm] [SpringApplicationShutdownHook] com.zaxxer.hikari.HikariDataSource       : HikariPool-1 - Shutdown initiated...
2025-03-04T13:46:43.660+01:00  INFO 1503 --- [it_projekt_tablohm] [SpringApplicationShutdownHook] com.zaxxer.hikari.HikariDataSource       : HikariPool-1 - Shutdown completed.
2025-03-04T13:48:33.179+01:00  INFO 1861 --- [it_projekt_tablohm] [main] m.i.ItProjektTablohmApplication          : Starting ItProjektTablohmApplication using Java 23.0.1 with PID 1861 (/Users/markus/Documents/TH/Master_Informatik/1_Semester/IT_Projekt/webservice/target/classes started by markus in /Users/markus/Documents/TH/Master_Informatik/1_Semester/IT_Projekt/webservice)
2025-03-04T13:48:33.180+01:00 DEBUG 1861 --- [it_projekt_tablohm] [main] m.i.ItProjektTablohmApplication          : Running with Spring Boot v3.3.5, Spring v6.1.14
2025-03-04T13:48:33.181+01:00  INFO 1861 --- [it_projekt_tablohm] [main] m.i.ItProjektTablohmApplication          : No active profile set, falling back to 1 default profile: "default"
2025-03-04T13:48:33.240+01:00  INFO 1861 --- [it_projekt_tablohm] [main] .s.b.d.c.l.DockerComposeLifecycleManager : Using Docker Compose file '/Users/markus/Documents/TH/Master_Informatik/1_Semester/IT_Projekt/webservice/docker-compose.yml'
2025-03-04T13:48:33.797+01:00  INFO 1861 --- [it_projekt_tablohm] [OutputReader-stderr] o.s.boot.docker.compose.core.DockerCli   :  Container guide-mysql  Created
2025-03-04T13:48:33.810+01:00  INFO 1861 --- [it_projekt_tablohm] [OutputReader-stderr] o.s.boot.docker.compose.core.DockerCli   :  Container guide-mysql  Starting
2025-03-04T13:48:33.996+01:00  INFO 1861 --- [it_projekt_tablohm] [OutputReader-stderr] o.s.boot.docker.compose.core.DockerCli   :  Container guide-mysql  Started
2025-03-04T13:48:33.997+01:00  INFO 1861 --- [it_projekt_tablohm] [OutputReader-stderr] o.s.boot.docker.compose.core.DockerCli   :  Container guide-mysql  Waiting
2025-03-04T13:48:34.500+01:00  INFO 1861 --- [it_projekt_tablohm] [OutputReader-stderr] o.s.boot.docker.compose.core.DockerCli   :  Container guide-mysql  Healthy
2025-03-04T13:48:36.067+01:00  INFO 1861 --- [it_projekt_tablohm] [main] .s.d.r.c.RepositoryConfigurationDelegate : Bootstrapping Spring Data JPA repositories in DEFAULT mode.
2025-03-04T13:48:36.107+01:00  INFO 1861 --- [it_projekt_tablohm] [main] .s.d.r.c.RepositoryConfigurationDelegate : Finished Spring Data repository scanning in 35 ms. Found 5 JPA repository interfaces.
2025-03-04T13:48:36.418+01:00  INFO 1861 --- [it_projekt_tablohm] [main] o.s.b.w.embedded.tomcat.TomcatWebServer  : Tomcat initialized with port 8080 (http)
2025-03-04T13:48:36.428+01:00  INFO 1861 --- [it_projekt_tablohm] [main] o.apache.catalina.core.StandardService   : Starting service [Tomcat]
2025-03-04T13:48:36.428+01:00  INFO 1861 --- [it_projekt_tablohm] [main] o.apache.catalina.core.StandardEngine    : Starting Servlet engine: [Apache Tomcat/10.1.31]
2025-03-04T13:48:36.456+01:00  INFO 1861 --- [it_projekt_tablohm] [main] o.a.c.c.C.[Tomcat].[localhost].[/]       : Initializing Spring embedded WebApplicationContext
2025-03-04T13:48:36.457+01:00  INFO 1861 --- [it_projekt_tablohm] [main] w.s.c.ServletWebServerApplicationContext : Root WebApplicationContext: initialization completed in 759 ms
2025-03-04T13:48:36.560+01:00  INFO 1861 --- [it_projekt_tablohm] [main] o.hibernate.jpa.internal.util.LogHelper  : HHH000204: Processing PersistenceUnitInfo [name: default]
2025-03-04T13:48:36.589+01:00  INFO 1861 --- [it_projekt_tablohm] [main] org.hibernate.Version                    : HHH000412: Hibernate ORM core version 6.5.3.Final
2025-03-04T13:48:36.608+01:00  INFO 1861 --- [it_projekt_tablohm] [main] o.h.c.internal.RegionFactoryInitiator    : HHH000026: Second-level cache disabled
2025-03-04T13:48:36.804+01:00  INFO 1861 --- [it_projekt_tablohm] [main] o.s.o.j.p.SpringPersistenceUnitInfo      : No LoadTimeWeaver setup: ignoring JPA class transformer
2025-03-04T13:48:36.823+01:00  INFO 1861 --- [it_projekt_tablohm] [main] com.zaxxer.hikari.HikariDataSource       : HikariPool-1 - Starting...
2025-03-04T13:48:37.134+01:00  INFO 1861 --- [it_projekt_tablohm] [main] com.zaxxer.hikari.pool.HikariPool        : HikariPool-1 - Added connection com.mysql.cj.jdbc.ConnectionImpl@3e6acec2
2025-03-04T13:48:37.135+01:00  INFO 1861 --- [it_projekt_tablohm] [main] com.zaxxer.hikari.HikariDataSource       : HikariPool-1 - Start completed.
2025-03-04T13:48:37.831+01:00  INFO 1861 --- [it_projekt_tablohm] [main] o.h.e.t.j.p.i.JtaPlatformInitiator       : HHH000489: No JTA platform available (set 'hibernate.transaction.jta.platform' to enable JTA platform integration)
2025-03-04T13:48:37.913+01:00  INFO 1861 --- [it_projekt_tablohm] [main] j.LocalContainerEntityManagerFactoryBean : Initialized JPA EntityManagerFactory for persistence unit 'default'
2025-03-04T13:48:38.120+01:00  INFO 1861 --- [it_projekt_tablohm] [main] o.s.d.j.r.query.QueryEnhancerFactory     : Hibernate is in classpath; If applicable, HQL parser will be used.
2025-03-04T13:48:38.603+01:00  WARN 1861 --- [it_projekt_tablohm] [main] JpaBaseConfiguration$JpaWebConfiguration : spring.jpa.open-in-view is enabled by default. Therefore, database queries may be performed during view rendering. Explicitly configure spring.jpa.open-in-view to disable this warning
2025-03-04T13:48:38.876+01:00  INFO 1861 --- [it_projekt_tablohm] [main] o.s.b.w.embedded.tomcat.TomcatWebServer  : Tomcat started on port 8080 (http) with context path '/'
2025-03-04T13:48:38.885+01:00  INFO 1861 --- [it_projekt_tablohm] [main] m.i.ItProjektTablohmApplication          : Started ItProjektTablohmApplication in 5.993 seconds (process running for 6.446)
2025-03-04T13:48:50.162+01:00  INFO 1861 --- [it_projekt_tablohm] [http-nio-8080-exec-1] o.a.c.c.C.[Tomcat].[localhost].[/]       : Initializing Spring DispatcherServlet 'dispatcherServlet'
2025-03-04T13:48:50.162+01:00  INFO 1861 --- [it_projekt_tablohm] [http-nio-8080-exec-1] o.s.web.servlet.DispatcherServlet        : Initializing Servlet 'dispatcherServlet'
2025-03-04T13:48:50.163+01:00  INFO 1861 --- [it_projekt_tablohm] [http-nio-8080-exec-1] o.s.web.servlet.DispatcherServlet        : Completed initialization in 0 ms
2025-03-04T13:55:11.815+01:00  INFO 1861 --- [it_projekt_tablohm] [SpringApplicationShutdownHook] j.LocalContainerEntityManagerFactoryBean : Closing JPA EntityManagerFactory for persistence unit 'default'
2025-03-04T13:55:11.816+01:00  INFO 1861 --- [it_projekt_tablohm] [SpringApplicationShutdownHook] com.zaxxer.hikari.HikariDataSource       : HikariPool-1 - Shutdown initiated...
2025-03-04T13:55:11.828+01:00  INFO 1861 --- [it_projekt_tablohm] [SpringApplicationShutdownHook] com.zaxxer.hikari.HikariDataSource       : HikariPool-1 - Shutdown completed.
2025-03-04T13:55:17.973+01:00  INFO 2272 --- [it_projekt_tablohm] [main] m.i.ItProjektTablohmApplication          : Starting ItProjektTablohmApplication using Java 23.0.1 with PID 2272 (/Users/markus/Documents/TH/Master_Informatik/1_Semester/IT_Projekt/webservice/target/classes started by markus in /Users/markus/Documents/TH/Master_Informatik/1_Semester/IT_Projekt/webservice)
2025-03-04T13:55:17.974+01:00 DEBUG 2272 --- [it_projekt_tablohm] [main] m.i.ItProjektTablohmApplication          : Running with Spring Boot v3.3.5, Spring v6.1.14
2025-03-04T13:55:17.975+01:00  INFO 2272 --- [it_projekt_tablohm] [main] m.i.ItProjektTablohmApplication          : No active profile set, falling back to 1 default profile: "default"
2025-03-04T13:55:18.023+01:00  INFO 2272 --- [it_projekt_tablohm] [main] .s.b.d.c.l.DockerComposeLifecycleManager : Using Docker Compose file '/Users/markus/Documents/TH/Master_Informatik/1_Semester/IT_Projekt/webservice/docker-compose.yml'
2025-03-04T13:55:18.574+01:00  INFO 2272 --- [it_projekt_tablohm] [OutputReader-stderr] o.s.boot.docker.compose.core.DockerCli   :  Container guide-mysql  Created
2025-03-04T13:55:18.588+01:00  INFO 2272 --- [it_projekt_tablohm] [OutputReader-stderr] o.s.boot.docker.compose.core.DockerCli   :  Container guide-mysql  Starting
2025-03-04T13:55:18.778+01:00  INFO 2272 --- [it_projekt_tablohm] [OutputReader-stderr] o.s.boot.docker.compose.core.DockerCli   :  Container guide-mysql  Started
2025-03-04T13:55:18.779+01:00  INFO 2272 --- [it_projekt_tablohm] [OutputReader-stderr] o.s.boot.docker.compose.core.DockerCli   :  Container guide-mysql  Waiting
2025-03-04T13:55:19.284+01:00  INFO 2272 --- [it_projekt_tablohm] [OutputReader-stderr] o.s.boot.docker.compose.core.DockerCli   :  Container guide-mysql  Healthy
2025-03-04T13:55:20.853+01:00  INFO 2272 --- [it_projekt_tablohm] [main] .s.d.r.c.RepositoryConfigurationDelegate : Bootstrapping Spring Data JPA repositories in DEFAULT mode.
2025-03-04T13:55:20.894+01:00  INFO 2272 --- [it_projekt_tablohm] [main] .s.d.r.c.RepositoryConfigurationDelegate : Finished Spring Data repository scanning in 36 ms. Found 5 JPA repository interfaces.
2025-03-04T13:55:21.211+01:00  INFO 2272 --- [it_projekt_tablohm] [main] o.s.b.w.embedded.tomcat.TomcatWebServer  : Tomcat initialized with port 8080 (http)
2025-03-04T13:55:21.221+01:00  INFO 2272 --- [it_projekt_tablohm] [main] o.apache.catalina.core.StandardService   : Starting service [Tomcat]
2025-03-04T13:55:21.221+01:00  INFO 2272 --- [it_projekt_tablohm] [main] o.apache.catalina.core.StandardEngine    : Starting Servlet engine: [Apache Tomcat/10.1.31]
2025-03-04T13:55:21.250+01:00  INFO 2272 --- [it_projekt_tablohm] [main] o.a.c.c.C.[Tomcat].[localhost].[/]       : Initializing Spring embedded WebApplicationContext
2025-03-04T13:55:21.250+01:00  INFO 2272 --- [it_projekt_tablohm] [main] w.s.c.ServletWebServerApplicationContext : Root WebApplicationContext: initialization completed in 770 ms
2025-03-04T13:55:21.350+01:00  INFO 2272 --- [it_projekt_tablohm] [main] o.hibernate.jpa.internal.util.LogHelper  : HHH000204: Processing PersistenceUnitInfo [name: default]
2025-03-04T13:55:21.378+01:00  INFO 2272 --- [it_projekt_tablohm] [main] org.hibernate.Version                    : HHH000412: Hibernate ORM core version 6.5.3.Final
2025-03-04T13:55:21.397+01:00  INFO 2272 --- [it_projekt_tablohm] [main] o.h.c.internal.RegionFactoryInitiator    : HHH000026: Second-level cache disabled
2025-03-04T13:55:21.588+01:00  INFO 2272 --- [it_projekt_tablohm] [main] o.s.o.j.p.SpringPersistenceUnitInfo      : No LoadTimeWeaver setup: ignoring JPA class transformer
2025-03-04T13:55:21.605+01:00  INFO 2272 --- [it_projekt_tablohm] [main] com.zaxxer.hikari.HikariDataSource       : HikariPool-1 - Starting...
2025-03-04T13:55:21.896+01:00  INFO 2272 --- [it_projekt_tablohm] [main] com.zaxxer.hikari.pool.HikariPool        : HikariPool-1 - Added connection com.mysql.cj.jdbc.ConnectionImpl@1e258d3b
2025-03-04T13:55:21.897+01:00  INFO 2272 --- [it_projekt_tablohm] [main] com.zaxxer.hikari.HikariDataSource       : HikariPool-1 - Start completed.
2025-03-04T13:55:22.583+01:00  INFO 2272 --- [it_projekt_tablohm] [main] o.h.e.t.j.p.i.JtaPlatformInitiator       : HHH000489: No JTA platform available (set 'hibernate.transaction.jta.platform' to enable JTA platform integration)
2025-03-04T13:55:22.695+01:00  INFO 2272 --- [it_projekt_tablohm] [main] j.LocalContainerEntityManagerFactoryBean : Initialized JPA EntityManagerFactory for persistence unit 'default'
2025-03-04T13:55:22.863+01:00  INFO 2272 --- [it_projekt_tablohm] [main] o.s.d.j.r.query.QueryEnhancerFactory     : Hibernate is in classpath; If applicable, HQL parser will be used.
2025-03-04T13:55:23.382+01:00  WARN 2272 --- [it_projekt_tablohm] [main] JpaBaseConfiguration$JpaWebConfiguration : spring.jpa.open-in-view is enabled by default. Therefore, database queries may be performed during view rendering. Explicitly configure spring.jpa.open-in-view to disable this warning
2025-03-04T13:55:23.633+01:00  INFO 2272 --- [it_projekt_tablohm] [main] o.s.b.w.embedded.tomcat.TomcatWebServer  : Tomcat started on port 8080 (http) with context path '/'
2025-03-04T13:55:23.641+01:00  INFO 2272 --- [it_projekt_tablohm] [main] m.i.ItProjektTablohmApplication          : Started ItProjektTablohmApplication in 5.937 seconds (process running for 6.381)
2025-03-04T13:55:28.024+01:00  INFO 2272 --- [it_projekt_tablohm] [http-nio-8080-exec-1] o.a.c.c.C.[Tomcat].[localhost].[/]       : Initializing Spring DispatcherServlet 'dispatcherServlet'
2025-03-04T13:55:28.024+01:00  INFO 2272 --- [it_projekt_tablohm] [http-nio-8080-exec-1] o.s.web.servlet.DispatcherServlet        : Initializing Servlet 'dispatcherServlet'
2025-03-04T13:55:28.025+01:00  INFO 2272 --- [it_projekt_tablohm] [http-nio-8080-exec-1] o.s.web.servlet.DispatcherServlet        : Completed initialization in 1 ms
2025-03-04T14:28:48.874+01:00  INFO 2272 --- [it_projekt_tablohm] [SpringApplicationShutdownHook] j.LocalContainerEntityManagerFactoryBean : Closing JPA EntityManagerFactory for persistence unit 'default'
2025-03-04T14:28:48.876+01:00  INFO 2272 --- [it_projekt_tablohm] [SpringApplicationShutdownHook] com.zaxxer.hikari.HikariDataSource       : HikariPool-1 - Shutdown initiated...
2025-03-04T14:28:48.888+01:00  INFO 2272 --- [it_projekt_tablohm] [SpringApplicationShutdownHook] com.zaxxer.hikari.HikariDataSource       : HikariPool-1 - Shutdown completed.
